d:\visualstudioprojects\wasalni\x64\debug\moc_wasalni.obj
d:\visualstudioprojects\wasalni\x64\debug\qrc_wasalni.obj
d:\visualstudioprojects\wasalni\x64\debug\vc143.pdb
d:\visualstudioprojects\wasalni\x64\debug\wasalni.exe
d:\visualstudioprojects\wasalni\x64\debug\wasalni.ilk
d:\visualstudioprojects\wasalni\x64\debug\wasalni.pdb
d:\visualstudioprojects\wasalni\x64\debug\moc\moc_wasalni.cpp
d:\visualstudioprojects\wasalni\x64\debug\rcc\qrc_wasalni.cpp
d:\visualstudioprojects\wasalni\x64\debug\uic\ui_wasalni.h
d:\visualstudioprojects\wasalni\x64\debug\main.obj
d:\visualstudioprojects\wasalni\x64\debug\wasalni.obj
d:\visualstudioprojects\wasalni\x64\debug\wasalni.tlog\cl.command.1.tlog
d:\visualstudioprojects\wasalni\x64\debug\wasalni.tlog\cl.read.1.tlog
d:\visualstudioprojects\wasalni\x64\debug\wasalni.tlog\cl.write.1.tlog
d:\visualstudioprojects\wasalni\x64\debug\wasalni.tlog\link.command.1.tlog
d:\visualstudioprojects\wasalni\x64\debug\wasalni.tlog\link.read.1.tlog
d:\visualstudioprojects\wasalni\x64\debug\wasalni.tlog\link.write.1.tlog
d:\visualstudioprojects\wasalni\x64\debug\wasalni.tlog\moc.read.1u.tlog
d:\visualstudioprojects\wasalni\x64\debug\wasalni.tlog\moc.write.1u.tlog
d:\visualstudioprojects\wasalni\x64\debug\wasalni.tlog\rcc.read.1u.tlog
d:\visualstudioprojects\wasalni\x64\debug\wasalni.tlog\rcc.write.1u.tlog
d:\visualstudioprojects\wasalni\x64\debug\wasalni.tlog\uic.read.1u.tlog
d:\visualstudioprojects\wasalni\x64\debug\wasalni.tlog\uic.write.1u.tlog
d:\visualstudioprojects\wasalni\x64\debug\wasalni.tlog\wasalni.write.1u.tlog
